<?xml version="1.0" encoding="UTF-8"?>
<!-- Generated by org.testng.reporters.JUnitReportReporter -->
<testsuite hostname="NghiaPC" failures="0" tests="1" name="api_learning.tests_explore.authen.LoginTest" time="22.721" errors="0" timestamp="2023-12-21T17:17:59 ICT" skipped="0">
  <testcase classname="api_learning.tests_explore.authen.LoginTest" name="testLogin" time="22.721"/>
  <system-out/>
</testsuite> <!-- api_learning.tests_explore.authen.LoginTest -->
