<?xml version="1.0" encoding="UTF-8"?>
<!-- Generated by org.testng.reporters.JUnitReportReporter -->
<testsuite hostname="NghiaPC" failures="0" tests="3" name="tests.parallel.LoginDevice01" time="21.768" errors="0" timestamp="2023-12-22T10:50:05 ICT" skipped="0">
  <testcase classname="tests.parallel.LoginDevice01" name="testLogin" time="6.425"/>
  <system-out/>
  <testcase classname="tests.parallel.LoginDevice01" name="testLogin" time="4.698"/>
  <system-out/>
  <testcase classname="tests.parallel.LoginDevice01" name="testLogin" time="10.645"/>
  <system-out/>
</testsuite> <!-- tests.parallel.LoginDevice01 -->
