<?xml version="1.0" encoding="UTF-8"?>
<!-- Generated by org.testng.reporters.JUnitReportReporter -->
<testsuite hostname="NghiaPC" failures="0" tests="3" name="tests.parallel.LoginDevice01" time="26.208" errors="0" timestamp="2023-12-22T14:23:22 ICT" skipped="0">
  <testcase classname="tests.parallel.LoginDevice01" name="testLogin" time="6.446"/>
  <system-out/>
  <testcase classname="tests.parallel.LoginDevice01" name="testLogin" time="4.840"/>
  <system-out/>
  <testcase classname="tests.parallel.LoginDevice01" name="testLogin" time="14.922"/>
  <system-out/>
</testsuite> <!-- tests.parallel.LoginDevice01 -->
