<?xml version="1.0" encoding="UTF-8"?>
<!-- Generated by org.testng.reporters.JUnitReportReporter -->
<testsuite hostname="NghiaPC" failures="0" tests="2" name="api_learning.tests_explore.testNG.TestNGHook02" time="0.000" errors="0" timestamp="2023-12-21T17:17:59 ICT" skipped="2">
  <testcase classname="api_learning.tests_explore.testNG.TestNGHook02" name="testSth01" time="0.000">
    <skipped/>
  </testcase> <!-- testSth01 -->
  <system-out/>
  <testcase classname="api_learning.tests_explore.testNG.TestNGHook02" name="testSth02" time="0.000">
    <skipped/>
  </testcase> <!-- testSth02 -->
  <system-out/>
</testsuite> <!-- api_learning.tests_explore.testNG.TestNGHook02 -->
