<?xml version="1.0" encoding="UTF-8"?>
<!-- Generated by org.testng.reporters.JUnitReportReporter -->
<testsuite hostname="NghiaPC" failures="0" tests="1" name="tests.parallel.FillForms" time="13.867" errors="0" timestamp="2023-12-22T14:23:22 ICT" skipped="0">
  <testcase classname="tests.parallel.FillForms" name="testForms" time="13.867"/>
  <system-out/>
</testsuite> <!-- tests.parallel.FillForms -->
