<?xml version="1.0" encoding="UTF-8"?>
<!-- Generated by org.testng.reporters.JUnitReportReporter -->
<testsuite hostname="NghiaPC" failures="0" tests="1" name="tests.parallel.FormsTest" time="13.827" errors="0" timestamp="2023-12-27T09:27:17 ICT" skipped="0">
  <testcase classname="tests.parallel.FormsTest" name="testForms" time="13.827"/>
  <system-out/>
</testsuite> <!-- tests.parallel.FormsTest -->
