<?xml version="1.0" encoding="UTF-8"?>
<!-- Generated by org.testng.reporters.JUnitReportReporter -->
<testsuite hostname="NghiaPC" failures="0" tests="3" name="api_learning.tests_explore.authen.LoginTestWithDataProvider" time="24.369" errors="0" timestamp="2023-12-21T17:17:59 ICT" skipped="0">
  <testcase classname="api_learning.tests_explore.authen.LoginTestWithDataProvider" name="testLogin" time="9.660"/>
  <system-out/>
  <testcase classname="api_learning.tests_explore.authen.LoginTestWithDataProvider" name="testLogin" time="7.412"/>
  <system-out/>
  <testcase classname="api_learning.tests_explore.authen.LoginTestWithDataProvider" name="testLogin" time="7.297"/>
  <system-out/>
</testsuite> <!-- api_learning.tests_explore.authen.LoginTestWithDataProvider -->
