<?xml version="1.0" encoding="UTF-8"?>
<!-- Generated by org.testng.reporters.JUnitReportReporter -->
<testsuite hostname="NghiaPC" failures="0" tests="1" name="tests.parallel.HomeTest" time="1.746" errors="0" timestamp="2023-12-27T09:27:17 ICT" skipped="0">
  <testcase classname="tests.parallel.HomeTest" name="testHome" time="1.746"/>
  <system-out/>
</testsuite> <!-- tests.parallel.HomeTest -->
