<?xml version="1.0" encoding="UTF-8"?>
<!-- Generated by org.testng.reporters.JUnitReportReporter -->
<testsuite hostname="NghiaPC" failures="0" tests="3" name="tests.parallel.LoginTest" time="21.687" errors="0" timestamp="2023-12-27T09:27:17 ICT" skipped="0">
  <testcase classname="tests.parallel.LoginTest" name="testLogin" time="4.832"/>
  <system-out/>
  <testcase classname="tests.parallel.LoginTest" name="testLogin" time="9.973"/>
  <system-out/>
  <testcase classname="tests.parallel.LoginTest" name="testLogin" time="6.882"/>
  <system-out/>
</testsuite> <!-- tests.parallel.LoginTest -->
