<?xml version="1.0" encoding="UTF-8"?>
<!-- Generated by org.testng.reporters.JUnitReportReporter -->
<testsuite hostname="NghiaPC" failures="0" tests="1" name="tests.parallel.SwipeTest" time="30.903" errors="0" timestamp="2023-12-27T09:27:17 ICT" skipped="0">
  <testcase classname="tests.parallel.SwipeTest" name="testWebview" time="30.903"/>
  <system-out/>
</testsuite> <!-- tests.parallel.SwipeTest -->
