<?xml version="1.0" encoding="UTF-8"?>
<!-- Generated by org.testng.reporters.JUnitReportReporter -->
<testsuite hostname="NghiaPC" failures="0" tests="3" name="api_learning.tests_explore.authen.LoginTestWithDataBuilder" time="27.047" errors="0" timestamp="2023-12-21T17:17:59 ICT" skipped="0">
  <testcase classname="api_learning.tests_explore.authen.LoginTestWithDataBuilder" name="testLogin" time="8.203"/>
  <system-out/>
  <testcase classname="api_learning.tests_explore.authen.LoginTestWithDataBuilder" name="testLogin" time="11.330"/>
  <system-out/>
  <testcase classname="api_learning.tests_explore.authen.LoginTestWithDataBuilder" name="testLogin" time="7.514"/>
  <system-out/>
</testsuite> <!-- api_learning.tests_explore.authen.LoginTestWithDataBuilder -->
